0 info it worked if it ends with ok
1 verbose cli [ '/usr/local/Cellar/node/7.2.1/bin/node',
1 verbose cli   '/usr/local/bin/npm',
1 verbose cli   'run',
1 verbose cli   'gitbook',
1 verbose cli   'build' ]
2 info using npm@3.10.9
3 info using node@v7.2.1
4 verbose run-script [ 'pregitbook', 'gitbook', 'postgitbook' ]
5 info lifecycle book@1.0.0~pregitbook: book@1.0.0
6 silly lifecycle book@1.0.0~pregitbook: no script for pregitbook, continuing
7 info lifecycle book@1.0.0~gitbook: book@1.0.0
8 verbose lifecycle book@1.0.0~gitbook: unsafe-perm in lifecycle true
9 verbose lifecycle book@1.0.0~gitbook: PATH: /usr/local/lib/node_modules/npm/bin/node-gyp-bin:/Users/huangsizhe/WORKSPACE/Blog/Docs/Python/TutorialForPython/book/node_modules/.bin:/usr/local/Cellar/node/7.2.1/bin:/Users/huangsizhe/LIB/CONDA/anaconda/bin:/usr/local/texlive/2016basic/bin/universal-darwin:/Users/huangsizhe/LIB/androd/platform-tools:/Users/huangsizhe/LIB/androd/tools/bin:/Users/huangsizhe/LIB/androd/tools:/usr/local/bin:/usr/bin:/bin:/usr/sbin:/sbin:/Library/TeX/texbin:/Users/huangsizhe/LIB/CONDA/anaconda/bin:/usr/local/texlive/2016basic/bin/universal-darwin:/Users/huangsizhe/LIB/androd/platform-tools:/Users/huangsizhe/LIB/androd/tools/bin:/Users/huangsizhe/LIB/androd/tools
10 verbose lifecycle book@1.0.0~gitbook: CWD: /Users/huangsizhe/WORKSPACE/Blog/Docs/Python/TutorialForPython/book
11 silly lifecycle book@1.0.0~gitbook: Args: [ '-c', 'gitbook "build"' ]
12 silly lifecycle book@1.0.0~gitbook: Returned: code: 1  signal: null
13 info lifecycle book@1.0.0~gitbook: Failed to exec gitbook script
14 verbose stack Error: book@1.0.0 gitbook: `gitbook "build"`
14 verbose stack Exit status 1
14 verbose stack     at EventEmitter.<anonymous> (/usr/local/lib/node_modules/npm/lib/utils/lifecycle.js:255:16)
14 verbose stack     at emitTwo (events.js:106:13)
14 verbose stack     at EventEmitter.emit (events.js:191:7)
14 verbose stack     at ChildProcess.<anonymous> (/usr/local/lib/node_modules/npm/lib/utils/spawn.js:40:14)
14 verbose stack     at emitTwo (events.js:106:13)
14 verbose stack     at ChildProcess.emit (events.js:191:7)
14 verbose stack     at maybeClose (internal/child_process.js:885:16)
14 verbose stack     at Process.ChildProcess._handle.onexit (internal/child_process.js:226:5)
15 verbose pkgid book@1.0.0
16 verbose cwd /Users/huangsizhe/WORKSPACE/Blog/Docs/Python/TutorialForPython/book
17 error Darwin 15.6.0
18 error argv "/usr/local/Cellar/node/7.2.1/bin/node" "/usr/local/bin/npm" "run" "gitbook" "build"
19 error node v7.2.1
20 error npm  v3.10.9
21 error code ELIFECYCLE
22 error book@1.0.0 gitbook: `gitbook "build"`
22 error Exit status 1
23 error Failed at the book@1.0.0 gitbook script 'gitbook "build"'.
23 error Make sure you have the latest version of node.js and npm installed.
23 error If you do, this is most likely a problem with the book package,
23 error not with npm itself.
23 error Tell the author that this fails on your system:
23 error     gitbook "build"
23 error You can get information on how to open an issue for this project with:
23 error     npm bugs book
23 error Or if that isn't available, you can get their info via:
23 error     npm owner ls book
23 error There is likely additional logging output above.
24 verbose exit [ 1, true ]
