0 info it worked if it ends with ok
1 verbose cli [ 'C:\\Program Files\\nodejs\\node.exe',
1 verbose cli   'C:\\Program Files\\nodejs\\node_modules\\npm\\bin\\npm-cli.js',
1 verbose cli   'run',
1 verbose cli   'gitbook',
1 verbose cli   'serve' ]
2 info using npm@4.1.2
3 info using node@v7.7.4
4 verbose run-script [ 'pregitbook', 'gitbook', 'postgitbook' ]
5 info lifecycle book@1.0.0~pregitbook: book@1.0.0
6 silly lifecycle book@1.0.0~pregitbook: no script for pregitbook, continuing
7 info lifecycle book@1.0.0~gitbook: book@1.0.0
8 verbose lifecycle book@1.0.0~gitbook: unsafe-perm in lifecycle true
9 verbose lifecycle book@1.0.0~gitbook: PATH: C:\Program Files\nodejs\node_modules\npm\bin\node-gyp-bin;C:\Users\87\Documents\GitHub\my\TutorialForPython\book\node_modules\.bin;C:\ProgramData\Oracle\Java\javapath;C:\Windows\system32;C:\Windows;C:\Windows\System32\Wbem;C:\Windows\System32\WindowsPowerShell\v1.0\;C:\Program Files\nodejs\;C:\Program Files\Git\cmd;C:\Go\bin;C:\Program Files (x86)\Pandoc\;C:\Program Files\MiKTeX 2.9\miktex\bin\x64\;C:\Program Files (x86)\scala\bin;C:\Program Files (x86)\sbt\bin;C:\Program Files\Redis\;C:\Program Files (x86)\Windows Kits\8.1\Windows Performance Toolkit\;C:\Users\87\Anaconda3;C:\Users\87\Anaconda3\Scripts;C:\Users\87\Anaconda3\Library\bin;C:\Users\87\AppData\Local\atom\bin;C:\Users\87\AppData\Roaming\npm;C:\Lib\winutils\hadoop-2.7.1\bin;C:\Program Files\MongoDB\Server\3.4\bin
10 verbose lifecycle book@1.0.0~gitbook: CWD: C:\Users\87\Documents\GitHub\my\TutorialForPython\book
11 silly lifecycle book@1.0.0~gitbook: Args: [ '/d /s /c', 'gitbook "serve"' ]
12 silly lifecycle book@1.0.0~gitbook: Returned: code: 1  signal: null
13 info lifecycle book@1.0.0~gitbook: Failed to exec gitbook script
14 verbose stack Error: book@1.0.0 gitbook: `gitbook "serve"`
14 verbose stack Exit status 1
14 verbose stack     at EventEmitter.<anonymous> (C:\Program Files\nodejs\node_modules\npm\lib\utils\lifecycle.js:279:16)
14 verbose stack     at emitTwo (events.js:106:13)
14 verbose stack     at EventEmitter.emit (events.js:194:7)
14 verbose stack     at ChildProcess.<anonymous> (C:\Program Files\nodejs\node_modules\npm\lib\utils\spawn.js:40:14)
14 verbose stack     at emitTwo (events.js:106:13)
14 verbose stack     at ChildProcess.emit (events.js:194:7)
14 verbose stack     at maybeClose (internal/child_process.js:899:16)
14 verbose stack     at Process.ChildProcess._handle.onexit (internal/child_process.js:226:5)
15 verbose pkgid book@1.0.0
16 verbose cwd C:\Users\87\Documents\GitHub\my\TutorialForPython\book
17 error Windows_NT 6.1.7601
18 error argv "C:\\Program Files\\nodejs\\node.exe" "C:\\Program Files\\nodejs\\node_modules\\npm\\bin\\npm-cli.js" "run" "gitbook" "serve"
19 error node v7.7.4
20 error npm  v4.1.2
21 error code ELIFECYCLE
22 error book@1.0.0 gitbook: `gitbook "serve"`
22 error Exit status 1
23 error Failed at the book@1.0.0 gitbook script 'gitbook "serve"'.
23 error Make sure you have the latest version of node.js and npm installed.
23 error If you do, this is most likely a problem with the book package,
23 error not with npm itself.
23 error Tell the author that this fails on your system:
23 error     gitbook "serve"
23 error You can get information on how to open an issue for this project with:
23 error     npm bugs book
23 error Or if that isn't available, you can get their info via:
23 error     npm owner ls book
23 error There is likely additional logging output above.
24 verbose exit [ 1, true ]
